<?xml version="1.0" encoding="UTF-8"?>
<!-- Generated by org.testng.reporters.JUnitReportReporter -->
<testsuite skipped="0" hostname="ip-172-31-87-20" name="test.LoginTest" tests="3" failures="0" timestamp="09 Nov 2021 06:05:46 GMT" time="12.322" errors="0">
  <testcase name="PositiveLogin" time="3.671" classname="test.LoginTest"/>
  <testcase name="ExcelTest" time="3.843" classname="test.LoginTest"/>
  <testcase name="NegativeLogin" time="4.808" classname="test.LoginTest"/>
</testsuite> <!-- test.LoginTest -->
