<?xml version="1.0" encoding="UTF-8"?>
<!-- Generated by org.testng.reporters.JUnitReportReporter -->
<testsuite skipped="0" hostname="ip-172-31-87-20" name="test.LoginTest" tests="3" failures="0" timestamp="09 Nov 2021 07:09:16 GMT" time="13.446" errors="0">
  <testcase name="PositiveLogin" time="4.000" classname="test.LoginTest"/>
  <testcase name="ExcelTest" time="4.248" classname="test.LoginTest"/>
  <testcase name="NegativeLogin" time="5.198" classname="test.LoginTest"/>
</testsuite> <!-- test.LoginTest -->
